[debug] [2019-10-19T18:29:36.089Z] ----------------------------------------------------------------------
[debug] [2019-10-19T18:29:36.091Z] Command:       /usr/local/bin/node /usr/local/bin/firebase serve
[debug] [2019-10-19T18:29:36.092Z] CLI Version:   7.6.0
[debug] [2019-10-19T18:29:36.092Z] Platform:      darwin
[debug] [2019-10-19T18:29:36.092Z] Node Version:  v8.11.1
[debug] [2019-10-19T18:29:36.092Z] Time:          Sat Oct 19 2019 21:29:36 GMT+0300 (MSK)
[debug] [2019-10-19T18:29:36.092Z] ----------------------------------------------------------------------
[debug] 
[debug] [2019-10-19T18:29:36.100Z] > command requires scopes: ["email","openid","https://www.googleapis.com/auth/cloudplatformprojects.readonly","https://www.googleapis.com/auth/firebase","https://www.googleapis.com/auth/cloud-platform"]
[debug] [2019-10-19T18:29:36.100Z] > authorizing via signed-in user
[debug] [2019-10-19T18:29:36.101Z] [iam] checking project popconrpushuser for permissions ["firebase.projects.get"]
[debug] [2019-10-19T18:29:36.102Z] >>> HTTP REQUEST POST https://cloudresourcemanager.googleapis.com/v1/projects/popconrpushuser:testIamPermissions  

[debug] [2019-10-19T18:29:37.132Z] <<< HTTP RESPONSE 200
[debug] [2019-10-19T18:29:37.134Z] >>> HTTP REQUEST GET https://firebase.googleapis.com/v1beta1/projects/popconrpushuser  
 
[debug] [2019-10-19T18:29:37.427Z] <<< HTTP RESPONSE 200
[info] 
[info] === Serving from '/Users/vziks/prodhub/ratings-bookmaker'...
[info] 
[debug] [2019-10-19T18:29:37.431Z] >>> HTTP REQUEST GET https://firebase.googleapis.com/v1beta1/projects/popconrpushuser/webApps/-/config  
 
[info] ✔  functions: Using node@8 from host.
[info] ✔  functions: Emulator started at http://localhost:5001
[debug] [2019-10-19T18:29:37.993Z] <<< HTTP RESPONSE 200
[info] i  functions: Watching "/Users/vziks/prodhub/ratings-bookmaker/functions" for Cloud Functions...
[info] i  hosting: Serving hosting files from: public
[info] ✔  hosting: Local server: http://localhost:5000
[debug] [2019-10-19T18:29:38.287Z] [runtime-status] Functions runtime initialized. {"cwd":"/Users/vziks/prodhub/ratings-bookmaker/functions","node_version":"8.11.1"}
[debug] [2019-10-19T18:29:38.287Z] [runtime-status] Disabled runtime features: {"functions_config_helper":true,"network_filtering":true,"timeout":true,"memory_limiting":true,"admin_stubs":true} {}
[debug] [2019-10-19T18:29:38.289Z] [runtime-status] Resolved module firebase-admin {"declared":true,"installed":true,"version":"8.6.1","resolution":"/Users/vziks/prodhub/ratings-bookmaker/functions/node_modules/firebase-admin/lib/index.js"}
[debug] [2019-10-19T18:29:38.290Z] [runtime-status] Resolved module firebase-functions {"declared":true,"installed":true,"version":"3.3.0","resolution":"/Users/vziks/prodhub/ratings-bookmaker/functions/node_modules/firebase-functions/lib/index.js"}
[debug] [2019-10-19T18:29:38.291Z] [runtime-status] Resolved module firebase-functions {"declared":true,"installed":true,"version":"3.3.0","resolution":"/Users/vziks/prodhub/ratings-bookmaker/functions/node_modules/firebase-functions/lib/index.js"}
